2023-10-05 21:03:44,477 INFO  [restartedMain]  com.patientrecord.PatientRecordApplication:Starting PatientRecordApplication using Java 11.0.16 on Ski with PID 5680 (C:\Inellij IDEA Projects\hasta-kayit\target\classes started by tturkmenoglu in C:\Inellij IDEA Projects\hasta-kayit)
2023-10-05 21:03:44,481 INFO  [restartedMain]  com.patientrecord.PatientRecordApplication:No active profile set, falling back to 1 default profile: "default"
2023-10-05 21:03:44,517 INFO  [restartedMain]  org.springframework.boot.devtools.env.DevToolsPropertyDefaultsPostProcessor:Devtools property defaults active! Set 'spring.devtools.add-properties' to 'false' to disable
2023-10-05 21:03:44,517 INFO  [restartedMain]  org.springframework.boot.devtools.env.DevToolsPropertyDefaultsPostProcessor:For additional web related logging consider setting the 'logging.level.web' property to 'DEBUG'
2023-10-05 21:03:45,388 INFO  [restartedMain]  org.springframework.data.repository.config.RepositoryConfigurationDelegate:Bootstrapping Spring Data JPA repositories in DEFAULT mode.
2023-10-05 21:03:45,478 INFO  [restartedMain]  org.springframework.data.repository.config.RepositoryConfigurationDelegate:Finished Spring Data repository scanning in 82 ms. Found 8 JPA repository interfaces.
2023-10-05 21:03:45,947 INFO  [restartedMain]  org.springframework.boot.web.embedded.tomcat.TomcatWebServer:Tomcat initialized with port(s): 8080 (http)
2023-10-05 21:03:45,955 INFO  [restartedMain]  org.apache.catalina.core.StandardService:Starting service [Tomcat]
2023-10-05 21:03:45,955 INFO  [restartedMain]  org.apache.catalina.core.StandardEngine:Starting Servlet engine: [Apache Tomcat/9.0.74]
2023-10-05 21:03:46,021 INFO  [restartedMain]  org.apache.catalina.core.ContainerBase.[Tomcat].[localhost].[/]:Initializing Spring embedded WebApplicationContext
2023-10-05 21:03:46,021 INFO  [restartedMain]  org.springframework.boot.web.servlet.context.ServletWebServerApplicationContext:Root WebApplicationContext: initialization completed in 1503 ms
2023-10-05 21:03:46,196 INFO  [restartedMain]  org.hibernate.jpa.internal.util.LogHelper:HHH000204: Processing PersistenceUnitInfo [name: default]
2023-10-05 21:03:46,236 INFO  [restartedMain]  org.hibernate.Version:HHH000412: Hibernate ORM core version 5.6.15.Final
2023-10-05 21:03:46,332 INFO  [restartedMain]  org.hibernate.annotations.common.Version:HCANN000001: Hibernate Commons Annotations {5.1.2.Final}
2023-10-05 21:03:46,408 INFO  [restartedMain]  com.zaxxer.hikari.HikariDataSource:HikariPool-1 - Starting...
2023-10-05 21:03:46,552 INFO  [restartedMain]  com.zaxxer.hikari.HikariDataSource:HikariPool-1 - Start completed.
2023-10-05 21:03:46,572 INFO  [restartedMain]  org.hibernate.dialect.Dialect:HHH000400: Using dialect: org.hibernate.dialect.PostgreSQLDialect
2023-10-05 21:03:47,106 INFO  [restartedMain]  org.hibernate.orm.connections.access:HHH10001501: Connection obtained from JdbcConnectionAccess [org.hibernate.engine.jdbc.env.internal.JdbcEnvironmentInitiator$ConnectionProviderJdbcConnectionAccess@558dd1d9] for (non-JTA) DDL execution was not in auto-commit mode; the Connection 'local transaction' will be committed and the Connection will be set into auto-commit mode.
2023-10-05 21:03:47,247 INFO  [restartedMain]  org.hibernate.engine.transaction.jta.platform.internal.JtaPlatformInitiator:HHH000490: Using JtaPlatform implementation: [org.hibernate.engine.transaction.jta.platform.internal.NoJtaPlatform]
2023-10-05 21:03:47,254 INFO  [restartedMain]  org.springframework.orm.jpa.LocalContainerEntityManagerFactoryBean:Initialized JPA EntityManagerFactory for persistence unit 'default'
2023-10-05 21:03:47,786 INFO  [restartedMain]  org.springframework.security.web.DefaultSecurityFilterChain:Will secure any request with [org.springframework.security.web.session.DisableEncodeUrlFilter@52aca7cf, org.springframework.security.web.context.request.async.WebAsyncManagerIntegrationFilter@2cd64ae3, org.springframework.security.web.context.SecurityContextPersistenceFilter@7623a6c4, org.springframework.security.web.header.HeaderWriterFilter@15842aa9, org.springframework.security.web.authentication.logout.LogoutFilter@5956a948, com.patientrecord.security.jwt.AuthTokenFilter@6ff47f9b, org.springframework.security.web.savedrequest.RequestCacheAwareFilter@4e3f5e78, org.springframework.security.web.servletapi.SecurityContextHolderAwareRequestFilter@41985bc0, org.springframework.security.web.authentication.AnonymousAuthenticationFilter@2a4129e2, org.springframework.security.web.session.SessionManagementFilter@8476aa7, org.springframework.security.web.access.ExceptionTranslationFilter@49385f1e, org.springframework.security.web.access.intercept.FilterSecurityInterceptor@6288ea92]
2023-10-05 21:03:47,863 WARN  [restartedMain]  org.springframework.boot.autoconfigure.orm.jpa.JpaBaseConfiguration$JpaWebConfiguration:spring.jpa.open-in-view is enabled by default. Therefore, database queries may be performed during view rendering. Explicitly configure spring.jpa.open-in-view to disable this warning
2023-10-05 21:03:48,473 WARN  [restartedMain]  org.springframework.security.config.annotation.web.builders.WebSecurity:You are asking Spring Security to ignore Ant [pattern='/v3/api-docs/**']. This is not recommended -- please use permitAll via HttpSecurity#authorizeHttpRequests instead.
2023-10-05 21:03:48,473 INFO  [restartedMain]  org.springframework.security.web.DefaultSecurityFilterChain:Will not secure Ant [pattern='/v3/api-docs/**']
2023-10-05 21:03:48,473 WARN  [restartedMain]  org.springframework.security.config.annotation.web.builders.WebSecurity:You are asking Spring Security to ignore Ant [pattern='swagger-ui.html']. This is not recommended -- please use permitAll via HttpSecurity#authorizeHttpRequests instead.
2023-10-05 21:03:48,474 INFO  [restartedMain]  org.springframework.security.web.DefaultSecurityFilterChain:Will not secure Ant [pattern='swagger-ui.html']
2023-10-05 21:03:48,474 WARN  [restartedMain]  org.springframework.security.config.annotation.web.builders.WebSecurity:You are asking Spring Security to ignore Ant [pattern='/swagger-ui/**']. This is not recommended -- please use permitAll via HttpSecurity#authorizeHttpRequests instead.
2023-10-05 21:03:48,474 INFO  [restartedMain]  org.springframework.security.web.DefaultSecurityFilterChain:Will not secure Ant [pattern='/swagger-ui/**']
2023-10-05 21:03:48,474 WARN  [restartedMain]  org.springframework.security.config.annotation.web.builders.WebSecurity:You are asking Spring Security to ignore Ant [pattern='/']. This is not recommended -- please use permitAll via HttpSecurity#authorizeHttpRequests instead.
2023-10-05 21:03:48,474 INFO  [restartedMain]  org.springframework.security.web.DefaultSecurityFilterChain:Will not secure Ant [pattern='/']
2023-10-05 21:03:48,474 WARN  [restartedMain]  org.springframework.security.config.annotation.web.builders.WebSecurity:You are asking Spring Security to ignore Ant [pattern='index.html']. This is not recommended -- please use permitAll via HttpSecurity#authorizeHttpRequests instead.
2023-10-05 21:03:48,474 INFO  [restartedMain]  org.springframework.security.web.DefaultSecurityFilterChain:Will not secure Ant [pattern='index.html']
2023-10-05 21:03:48,474 WARN  [restartedMain]  org.springframework.security.config.annotation.web.builders.WebSecurity:You are asking Spring Security to ignore Ant [pattern='/images/**']. This is not recommended -- please use permitAll via HttpSecurity#authorizeHttpRequests instead.
2023-10-05 21:03:48,474 INFO  [restartedMain]  org.springframework.security.web.DefaultSecurityFilterChain:Will not secure Ant [pattern='/images/**']
2023-10-05 21:03:48,474 WARN  [restartedMain]  org.springframework.security.config.annotation.web.builders.WebSecurity:You are asking Spring Security to ignore Ant [pattern='/css/**']. This is not recommended -- please use permitAll via HttpSecurity#authorizeHttpRequests instead.
2023-10-05 21:03:48,474 INFO  [restartedMain]  org.springframework.security.web.DefaultSecurityFilterChain:Will not secure Ant [pattern='/css/**']
2023-10-05 21:03:48,474 WARN  [restartedMain]  org.springframework.security.config.annotation.web.builders.WebSecurity:You are asking Spring Security to ignore Ant [pattern='/js/**']. This is not recommended -- please use permitAll via HttpSecurity#authorizeHttpRequests instead.
2023-10-05 21:03:48,474 INFO  [restartedMain]  org.springframework.security.web.DefaultSecurityFilterChain:Will not secure Ant [pattern='/js/**']
2023-10-05 21:03:48,501 INFO  [restartedMain]  org.springframework.boot.devtools.autoconfigure.OptionalLiveReloadServer:LiveReload server is running on port 35729
2023-10-05 21:03:48,505 INFO  [restartedMain]  org.springframework.boot.actuate.endpoint.web.EndpointLinksResolver:Exposing 15 endpoint(s) beneath base path '/actuator'
2023-10-05 21:03:48,554 INFO  [restartedMain]  org.springframework.boot.web.embedded.tomcat.TomcatWebServer:Tomcat started on port(s): 8080 (http) with context path ''
2023-10-05 21:03:48,567 INFO  [restartedMain]  com.patientrecord.PatientRecordApplication:Started PatientRecordApplication in 4.432 seconds (JVM running for 5.275)
2023-10-05 21:03:48,981 INFO  [RMI TCP Connection(3)-172.19.128.1]  org.apache.catalina.core.ContainerBase.[Tomcat].[localhost].[/]:Initializing Spring DispatcherServlet 'dispatcherServlet'
2023-10-05 22:01:58,833 INFO  [SpringApplicationShutdownHook]  org.springframework.orm.jpa.LocalContainerEntityManagerFactoryBean:Closing JPA EntityManagerFactory for persistence unit 'default'
2023-10-05 22:01:58,847 INFO  [SpringApplicationShutdownHook]  com.zaxxer.hikari.HikariDataSource:HikariPool-1 - Shutdown initiated...
2023-10-05 22:01:58,855 INFO  [SpringApplicationShutdownHook]  com.zaxxer.hikari.HikariDataSource:HikariPool-1 - Shutdown completed.
